<?xml version="1.0" encoding="UTF-8"?>
<coverage generated="1687819963714" clover="3.2.0">
  <project timestamp="1687819963715" name="All files">
    <metrics statements="4" coveredstatements="1" conditionals="0" coveredconditionals="0" methods="1" coveredmethods="1" elements="5" coveredelements="2" complexity="0" loc="4" ncloc="4" packages="1" files="2" classes="2"/>
    <file name="App.jsx" path="/home/fenton/Desktop/Firebase Project/firebase-prankstar/src/App.jsx">
      <metrics statements="1" coveredstatements="1" conditionals="0" coveredconditionals="0" methods="1" coveredmethods="1"/>
      <line num="4" count="1" type="stmt"/>
    </file>
    <file name="main.jsx" path="/home/fenton/Desktop/Firebase Project/firebase-prankstar/src/main.jsx">
      <metrics statements="3" coveredstatements="0" conditionals="0" coveredconditionals="0" methods="0" coveredmethods="0"/>
      <line num="6" count="0" type="stmt"/>
      <line num="7" count="0" type="stmt"/>
      <line num="9" count="0" type="stmt"/>
    </file>
  </project>
</coverage>
