{
	"/home/fenton/Desktop/Firebase Project/firebase-prankstar/src/App.jsx": {
		"path": "/home/fenton/Desktop/Firebase Project/firebase-prankstar/src/App.jsx",
		"statementMap": {
			"0": {
				"start": { "line": 4, "column": 1 },
				"end": { "line": 4, "column": 47 }
			}
		},
		"fnMap": {
			"0": {
				"name": "App",
				"decl": {
					"start": { "line": 3, "column": 9 },
					"end": { "line": 3, "column": 12 }
				},
				"loc": {
					"start": { "line": 3, "column": 15 },
					"end": { "line": 5, "column": 1 }
				},
				"line": 3
			}
		},
		"branchMap": {},
		"s": { "0": 1 },
		"f": { "0": 1 },
		"b": {},
		"_coverageSchema": "1a1c01bbd47fc00a2c39e90264f33305004495a9",
		"hash": "aa6f32d76f3a5fc244d6028165077a90233ff892"
	},
	"/home/fenton/Desktop/Firebase Project/firebase-prankstar/src/main.jsx": {
		"path": "/home/fenton/Desktop/Firebase Project/firebase-prankstar/src/main.jsx",
		"statementMap": {
			"0": {
				"start": { "line": 6, "column": 18 },
				"end": { "line": 6, "column": 49 }
			},
			"1": {
				"start": { "line": 7, "column": 13 },
				"end": { "line": 7, "column": 34 }
			},
			"2": {
				"start": { "line": 9, "column": 0 },
				"end": { "line": 13, "column": 2 }
			}
		},
		"fnMap": {},
		"branchMap": {},
		"s": { "0": 0, "1": 0, "2": 0 },
		"f": {},
		"b": {}
	}
}
